<?xml version="1.0" encoding="UTF-8"?>
<testng-results ignored="0" total="1" passed="1" failed="0" skipped="0">
  <reporter-output>
  </reporter-output>
  <suite started-at="2025-10-27T22:46:00 IST" name="Default suite" finished-at="2025-10-27T22:46:20 IST" duration-ms="20570">
    <groups>
    </groups>
    <test started-at="2025-10-27T22:46:00 IST" name="Default test" finished-at="2025-10-27T22:46:20 IST" duration-ms="20570">
      <class name="com.handle.TabSwitchDynamic">
        <test-method signature="openBrowser()[pri:0, instance:com.handle.TabSwitchDynamic@293a5bf6]" started-at="2025-10-27T22:46:00 IST" name="openBrowser" description="Open mutliple tabs using list, and come back to the second tab" finished-at="2025-10-27T22:46:20 IST" duration-ms="20496" status="PASS">
          <reporter-output>
          </reporter-output>
        </test-method> <!-- openBrowser -->
      </class> <!-- com.handle.TabSwitchDynamic -->
    </test> <!-- Default test -->
  </suite> <!-- Default suite -->
</testng-results>
